<?xml version="1.0" encoding="UTF-8"?>
<!-- Generated by org.testng.reporters.JUnitXMLReporter -->
<testsuite hostname="Adhrith" ignored="4" name="Test" tests="2" failures="0" timestamp="13 Aug 2019 08:41:41 GMT" time="24.496" errors="0">
  <testcase name="NotPwned" time="2.639" classname="testCases.TestCase1"/>
  <testcase name="Pwned" time="2.74" classname="testCases.TestCase2"/>
  <testcase name="@AfterSuite afterSuite" time="0.0" classname="utils.ProjectWrappers">
    <ignored/>
  </testcase> <!-- @AfterSuite afterSuite -->
  <testcase name="@BeforeTest beforeTest" time="0.0" classname="utils.ProjectWrappers">
    <ignored/>
  </testcase> <!-- @BeforeTest beforeTest -->
  <testcase name="@AfterTest afterTest" time="0.0" classname="utils.ProjectWrappers">
    <ignored/>
  </testcase> <!-- @AfterTest afterTest -->
  <testcase name="@BeforeSuite beforeSuite" time="0.0" classname="utils.ProjectWrappers">
    <ignored/>
  </testcase> <!-- @BeforeSuite beforeSuite -->
</testsuite> <!-- Test -->
