<?xml version="1.0" encoding="UTF-8"?>
<testng-results skipped="0" failed="0" ignored="4" total="6" passed="2">
  <reporter-output>
  </reporter-output>
  <suite name="Suite" duration-ms="24496" started-at="2019-08-13T08:41:16Z" finished-at="2019-08-13T08:41:41Z">
    <groups>
    </groups>
    <test name="Test" duration-ms="24496" started-at="2019-08-13T08:41:16Z" finished-at="2019-08-13T08:41:41Z">
      <class name="testCases.TestCase1">
        <test-method status="PASS" signature="beforeSuite()[pri:0, instance:testCases.TestCase1@71318ec4]" name="beforeSuite" is-config="true" duration-ms="478" started-at="2019-08-13T08:41:16Z" finished-at="2019-08-13T08:41:16Z">
          <reporter-output>
          </reporter-output>
        </test-method> <!-- beforeSuite -->
        <test-method status="PASS" signature="beforeTest()[pri:0, instance:testCases.TestCase1@71318ec4]" name="beforeTest" is-config="true" duration-ms="6" started-at="2019-08-13T08:41:17Z" finished-at="2019-08-13T08:41:17Z">
          <reporter-output>
          </reporter-output>
        </test-method> <!-- beforeTest -->
        <test-method status="PASS" signature="beforeClass()[pri:0, instance:testCases.TestCase1@71318ec4]" name="beforeClass" is-config="true" duration-ms="0" started-at="2019-08-13T08:41:17Z" finished-at="2019-08-13T08:41:17Z">
          <reporter-output>
          </reporter-output>
        </test-method> <!-- beforeClass -->
        <test-method status="PASS" signature="beforemethod()[pri:0, instance:testCases.TestCase1@71318ec4]" name="beforemethod" is-config="true" duration-ms="9682" started-at="2019-08-13T08:41:17Z" finished-at="2019-08-13T08:41:26Z">
          <reporter-output>
          </reporter-output>
        </test-method> <!-- beforemethod -->
        <test-method status="PASS" signature="NotPwned()[pri:0, instance:testCases.TestCase1@71318ec4]" name="NotPwned" duration-ms="2639" started-at="2019-08-13T08:41:26Z" finished-at="2019-08-13T08:41:29Z">
          <reporter-output>
          </reporter-output>
        </test-method> <!-- NotPwned -->
        <test-method status="PASS" signature="afterMethod()[pri:0, instance:testCases.TestCase1@71318ec4]" name="afterMethod" is-config="true" duration-ms="0" started-at="2019-08-13T08:41:29Z" finished-at="2019-08-13T08:41:29Z">
          <reporter-output>
          </reporter-output>
        </test-method> <!-- afterMethod -->
        <test-method status="PASS" signature="afterTest()[pri:0, instance:testCases.TestCase1@71318ec4]" name="afterTest" is-config="true" duration-ms="0" started-at="2019-08-13T08:41:41Z" finished-at="2019-08-13T08:41:41Z">
          <reporter-output>
          </reporter-output>
        </test-method> <!-- afterTest -->
        <test-method status="PASS" signature="afterSuite()[pri:0, instance:testCases.TestCase1@71318ec4]" name="afterSuite" is-config="true" duration-ms="720" started-at="2019-08-13T08:41:41Z" finished-at="2019-08-13T08:41:42Z">
          <reporter-output>
          </reporter-output>
        </test-method> <!-- afterSuite -->
      </class> <!-- testCases.TestCase1 -->
      <class name="testCases.TestCase2">
        <test-method status="PASS" signature="beforeClass()[pri:0, instance:testCases.TestCase2@21213b92]" name="beforeClass" is-config="true" duration-ms="0" started-at="2019-08-13T08:41:29Z" finished-at="2019-08-13T08:41:29Z">
          <reporter-output>
          </reporter-output>
        </test-method> <!-- beforeClass -->
        <test-method status="PASS" signature="beforemethod()[pri:0, instance:testCases.TestCase2@21213b92]" name="beforemethod" is-config="true" duration-ms="9372" started-at="2019-08-13T08:41:29Z" finished-at="2019-08-13T08:41:38Z">
          <reporter-output>
          </reporter-output>
        </test-method> <!-- beforemethod -->
        <test-method status="PASS" signature="Pwned()[pri:0, instance:testCases.TestCase2@21213b92]" name="Pwned" duration-ms="2740" started-at="2019-08-13T08:41:38Z" finished-at="2019-08-13T08:41:41Z">
          <reporter-output>
          </reporter-output>
        </test-method> <!-- Pwned -->
        <test-method status="PASS" signature="afterMethod()[pri:0, instance:testCases.TestCase2@21213b92]" name="afterMethod" is-config="true" duration-ms="0" started-at="2019-08-13T08:41:41Z" finished-at="2019-08-13T08:41:41Z">
          <reporter-output>
          </reporter-output>
        </test-method> <!-- afterMethod -->
      </class> <!-- testCases.TestCase2 -->
    </test> <!-- Test -->
  </suite> <!-- Suite -->
</testng-results>
